{"/Users/anton/Documents/Develop/Hexlet/frontend-project-46/frontend-project-46/__fixtures__/jsonFormat.js": {"path":"/Users/anton/Documents/Develop/Hexlet/frontend-project-46/frontend-project-46/__fixtures__/jsonFormat.js","all":false,"statementMap":{"0":{"start":{"line":1,"column":0},"end":{"line":1,"column":17}},"1":{"start":{"line":2,"column":0},"end":{"line":2,"column":13}},"2":{"start":{"line":3,"column":0},"end":{"line":3,"column":15}},"3":{"start":{"line":4,"column":0},"end":{"line":4,"column":22}},"4":{"start":{"line":5,"column":0},"end":{"line":5,"column":20}},"5":{"start":{"line":6,"column":0},"end":{"line":6,"column":6}},"6":{"start":{"line":7,"column":0},"end":{"line":7,"column":17}},"7":{"start":{"line":8,"column":0},"end":{"line":8,"column":26}},"8":{"start":{"line":9,"column":0},"end":{"line":9,"column":24}},"9":{"start":{"line":10,"column":0},"end":{"line":10,"column":6}},"10":{"start":{"line":11,"column":0},"end":{"line":11,"column":17}},"11":{"start":{"line":12,"column":0},"end":{"line":12,"column":24}},"12":{"start":{"line":13,"column":0},"end":{"line":13,"column":18}},"13":{"start":{"line":14,"column":0},"end":{"line":14,"column":6}},"14":{"start":{"line":15,"column":0},"end":{"line":15,"column":17}},"15":{"start":{"line":16,"column":0},"end":{"line":16,"column":24}},"16":{"start":{"line":17,"column":0},"end":{"line":17,"column":23}},"17":{"start":{"line":18,"column":0},"end":{"line":18,"column":22}},"18":{"start":{"line":19,"column":0},"end":{"line":19,"column":6}},"19":{"start":{"line":20,"column":0},"end":{"line":20,"column":17}},"20":{"start":{"line":21,"column":0},"end":{"line":21,"column":22}},"21":{"start":{"line":22,"column":0},"end":{"line":22,"column":26}},"22":{"start":{"line":23,"column":0},"end":{"line":23,"column":6}},"23":{"start":{"line":24,"column":0},"end":{"line":24,"column":17}},"24":{"start":{"line":25,"column":0},"end":{"line":25,"column":22}},"25":{"start":{"line":26,"column":0},"end":{"line":26,"column":16}},"26":{"start":{"line":27,"column":0},"end":{"line":27,"column":24}},"27":{"start":{"line":28,"column":0},"end":{"line":28,"column":7}},"28":{"start":{"line":29,"column":0},"end":{"line":29,"column":6}},"29":{"start":{"line":30,"column":0},"end":{"line":30,"column":17}},"30":{"start":{"line":31,"column":0},"end":{"line":31,"column":15}},"31":{"start":{"line":32,"column":0},"end":{"line":32,"column":16}},"32":{"start":{"line":33,"column":0},"end":{"line":33,"column":28}},"33":{"start":{"line":34,"column":0},"end":{"line":34,"column":25}},"34":{"start":{"line":35,"column":0},"end":{"line":35,"column":31}},"35":{"start":{"line":36,"column":0},"end":{"line":36,"column":9}},"36":{"start":{"line":37,"column":0},"end":{"line":37,"column":8}},"37":{"start":{"line":38,"column":0},"end":{"line":38,"column":14}},"38":{"start":{"line":39,"column":0},"end":{"line":39,"column":28}},"39":{"start":{"line":40,"column":0},"end":{"line":40,"column":24}},"40":{"start":{"line":41,"column":0},"end":{"line":41,"column":8}},"41":{"start":{"line":42,"column":0},"end":{"line":42,"column":14}},"42":{"start":{"line":43,"column":0},"end":{"line":43,"column":24}},"43":{"start":{"line":44,"column":0},"end":{"line":44,"column":23}},"44":{"start":{"line":45,"column":0},"end":{"line":45,"column":7}},"45":{"start":{"line":46,"column":0},"end":{"line":46,"column":5}},"46":{"start":{"line":47,"column":0},"end":{"line":47,"column":4}},"47":{"start":{"line":48,"column":0},"end":{"line":48,"column":13}},"48":{"start":{"line":49,"column":0},"end":{"line":49,"column":12}},"49":{"start":{"line":50,"column":0},"end":{"line":50,"column":24}},"50":{"start":{"line":51,"column":0},"end":{"line":51,"column":24}},"51":{"start":{"line":52,"column":0},"end":{"line":52,"column":24}},"52":{"start":{"line":53,"column":0},"end":{"line":53,"column":6}},"53":{"start":{"line":54,"column":0},"end":{"line":54,"column":12}},"54":{"start":{"line":55,"column":0},"end":{"line":55,"column":26}},"55":{"start":{"line":56,"column":0},"end":{"line":56,"column":20}},"56":{"start":{"line":57,"column":0},"end":{"line":57,"column":6}},"57":{"start":{"line":58,"column":0},"end":{"line":58,"column":13}},"58":{"start":{"line":59,"column":0},"end":{"line":59,"column":24}},"59":{"start":{"line":60,"column":0},"end":{"line":60,"column":19}},"60":{"start":{"line":61,"column":0},"end":{"line":61,"column":22}},"61":{"start":{"line":62,"column":0},"end":{"line":62,"column":8}},"62":{"start":{"line":63,"column":0},"end":{"line":63,"column":23}},"63":{"start":{"line":64,"column":0},"end":{"line":64,"column":5}},"64":{"start":{"line":65,"column":0},"end":{"line":65,"column":4}},"65":{"start":{"line":66,"column":0},"end":{"line":66,"column":13}},"66":{"start":{"line":67,"column":0},"end":{"line":67,"column":22}},"67":{"start":{"line":68,"column":0},"end":{"line":68,"column":14}},"68":{"start":{"line":69,"column":0},"end":{"line":69,"column":19}},"69":{"start":{"line":70,"column":0},"end":{"line":70,"column":15}},"70":{"start":{"line":71,"column":0},"end":{"line":71,"column":16}},"71":{"start":{"line":72,"column":0},"end":{"line":72,"column":7}},"72":{"start":{"line":73,"column":0},"end":{"line":73,"column":5}},"73":{"start":{"line":74,"column":0},"end":{"line":74,"column":4}},"74":{"start":{"line":75,"column":0},"end":{"line":75,"column":13}},"75":{"start":{"line":76,"column":0},"end":{"line":76,"column":20}},"76":{"start":{"line":77,"column":0},"end":{"line":77,"column":14}},"77":{"start":{"line":78,"column":0},"end":{"line":78,"column":15}},"78":{"start":{"line":79,"column":0},"end":{"line":79,"column":15}},"79":{"start":{"line":80,"column":0},"end":{"line":80,"column":22}},"80":{"start":{"line":81,"column":0},"end":{"line":81,"column":9}},"81":{"start":{"line":82,"column":0},"end":{"line":82,"column":8}},"82":{"start":{"line":83,"column":0},"end":{"line":83,"column":19}},"83":{"start":{"line":84,"column":0},"end":{"line":84,"column":5}},"84":{"start":{"line":85,"column":0},"end":{"line":85,"column":3}},"85":{"start":{"line":86,"column":0},"end":{"line":86,"column":3}}},"s":{"0":1,"1":1,"2":1,"3":1,"4":1,"5":1,"6":1,"7":1,"8":1,"9":1,"10":1,"11":1,"12":1,"13":1,"14":1,"15":1,"16":1,"17":1,"18":1,"19":1,"20":1,"21":1,"22":1,"23":1,"24":1,"25":1,"26":1,"27":1,"28":1,"29":1,"30":1,"31":1,"32":1,"33":1,"34":1,"35":1,"36":1,"37":1,"38":1,"39":1,"40":1,"41":1,"42":1,"43":1,"44":1,"45":1,"46":1,"47":1,"48":1,"49":1,"50":1,"51":1,"52":1,"53":1,"54":1,"55":1,"56":1,"57":1,"58":1,"59":1,"60":1,"61":1,"62":1,"63":1,"64":1,"65":1,"66":1,"67":1,"68":1,"69":1,"70":1,"71":1,"72":1,"73":1,"74":1,"75":1,"76":1,"77":1,"78":1,"79":1,"80":1,"81":1,"82":1,"83":1,"84":1,"85":1},"branchMap":{},"b":{},"fnMap":{},"f":{}}
,"/Users/anton/Documents/Develop/Hexlet/frontend-project-46/frontend-project-46/__fixtures__/plainFormat.js": {"path":"/Users/anton/Documents/Develop/Hexlet/frontend-project-46/frontend-project-46/__fixtures__/plainFormat.js","all":false,"statementMap":{"0":{"start":{"line":1,"column":0},"end":{"line":1,"column":68}},"1":{"start":{"line":2,"column":0},"end":{"line":2,"column":38}},"2":{"start":{"line":3,"column":0},"end":{"line":3,"column":57}},"3":{"start":{"line":4,"column":0},"end":{"line":4,"column":60}},"4":{"start":{"line":5,"column":0},"end":{"line":5,"column":64}},"5":{"start":{"line":6,"column":0},"end":{"line":6,"column":69}},"6":{"start":{"line":7,"column":0},"end":{"line":7,"column":59}},"7":{"start":{"line":8,"column":0},"end":{"line":8,"column":55}},"8":{"start":{"line":9,"column":0},"end":{"line":9,"column":65}},"9":{"start":{"line":10,"column":0},"end":{"line":10,"column":29}},"10":{"start":{"line":11,"column":0},"end":{"line":11,"column":57}}},"s":{"0":1,"1":1,"2":1,"3":1,"4":1,"5":1,"6":1,"7":1,"8":1,"9":1,"10":1},"branchMap":{},"b":{},"fnMap":{},"f":{}}
,"/Users/anton/Documents/Develop/Hexlet/frontend-project-46/frontend-project-46/__fixtures__/stylishFormat.js": {"path":"/Users/anton/Documents/Develop/Hexlet/frontend-project-46/frontend-project-46/__fixtures__/stylishFormat.js","all":false,"statementMap":{"0":{"start":{"line":1,"column":0},"end":{"line":1,"column":17}},"1":{"start":{"line":2,"column":0},"end":{"line":2,"column":13}},"2":{"start":{"line":3,"column":0},"end":{"line":3,"column":21}},"3":{"start":{"line":4,"column":0},"end":{"line":4,"column":25}},"4":{"start":{"line":5,"column":0},"end":{"line":5,"column":21}},"5":{"start":{"line":6,"column":0},"end":{"line":6,"column":22}},"6":{"start":{"line":7,"column":0},"end":{"line":7,"column":22}},"7":{"start":{"line":8,"column":0},"end":{"line":8,"column":27}},"8":{"start":{"line":9,"column":0},"end":{"line":9,"column":19}},"9":{"start":{"line":10,"column":0},"end":{"line":10,"column":24}},"10":{"start":{"line":11,"column":0},"end":{"line":11,"column":9}},"11":{"start":{"line":12,"column":0},"end":{"line":12,"column":19}},"12":{"start":{"line":13,"column":0},"end":{"line":13,"column":19}},"13":{"start":{"line":14,"column":0},"end":{"line":14,"column":21}},"14":{"start":{"line":15,"column":0},"end":{"line":15,"column":28}},"15":{"start":{"line":16,"column":0},"end":{"line":16,"column":13}},"16":{"start":{"line":17,"column":0},"end":{"line":17,"column":22}},"17":{"start":{"line":18,"column":0},"end":{"line":18,"column":21}},"18":{"start":{"line":19,"column":0},"end":{"line":19,"column":9}},"19":{"start":{"line":20,"column":0},"end":{"line":20,"column":5}},"20":{"start":{"line":21,"column":0},"end":{"line":21,"column":13}},"21":{"start":{"line":22,"column":0},"end":{"line":22,"column":16}},"22":{"start":{"line":23,"column":0},"end":{"line":23,"column":17}},"23":{"start":{"line":24,"column":0},"end":{"line":24,"column":16}},"24":{"start":{"line":25,"column":0},"end":{"line":25,"column":15}},"25":{"start":{"line":26,"column":0},"end":{"line":26,"column":22}},"26":{"start":{"line":27,"column":0},"end":{"line":27,"column":9}},"27":{"start":{"line":28,"column":0},"end":{"line":28,"column":17}},"28":{"start":{"line":29,"column":0},"end":{"line":29,"column":5}},"29":{"start":{"line":30,"column":0},"end":{"line":30,"column":13}},"30":{"start":{"line":31,"column":0},"end":{"line":31,"column":18}},"31":{"start":{"line":32,"column":0},"end":{"line":32,"column":15}},"32":{"start":{"line":33,"column":0},"end":{"line":33,"column":18}},"33":{"start":{"line":34,"column":0},"end":{"line":34,"column":9}},"34":{"start":{"line":35,"column":0},"end":{"line":35,"column":5}},"35":{"start":{"line":36,"column":0},"end":{"line":36,"column":13}},"36":{"start":{"line":37,"column":0},"end":{"line":37,"column":15}},"37":{"start":{"line":38,"column":0},"end":{"line":38,"column":17}},"38":{"start":{"line":39,"column":0},"end":{"line":39,"column":26}},"39":{"start":{"line":40,"column":0},"end":{"line":40,"column":13}},"40":{"start":{"line":41,"column":0},"end":{"line":41,"column":9}},"41":{"start":{"line":42,"column":0},"end":{"line":42,"column":19}},"42":{"start":{"line":43,"column":0},"end":{"line":43,"column":5}},"43":{"start":{"line":44,"column":0},"end":{"line":44,"column":3}}},"s":{"0":1,"1":1,"2":1,"3":1,"4":1,"5":1,"6":1,"7":1,"8":1,"9":1,"10":1,"11":1,"12":1,"13":1,"14":1,"15":1,"16":1,"17":1,"18":1,"19":1,"20":1,"21":1,"22":1,"23":1,"24":1,"25":1,"26":1,"27":1,"28":1,"29":1,"30":1,"31":1,"32":1,"33":1,"34":1,"35":1,"36":1,"37":1,"38":1,"39":1,"40":1,"41":1,"42":1,"43":1},"branchMap":{},"b":{},"fnMap":{},"f":{}}
,"/Users/anton/Documents/Develop/Hexlet/frontend-project-46/frontend-project-46/src/buildTree.js": {"path":"/Users/anton/Documents/Develop/Hexlet/frontend-project-46/frontend-project-46/src/buildTree.js","all":false,"statementMap":{"0":{"start":{"line":1,"column":0},"end":{"line":1,"column":23}},"1":{"start":{"line":2,"column":0},"end":{"line":2,"column":0}},"2":{"start":{"line":3,"column":0},"end":{"line":3,"column":35}},"3":{"start":{"line":4,"column":0},"end":{"line":4,"column":29}},"4":{"start":{"line":5,"column":0},"end":{"line":5,"column":29}},"5":{"start":{"line":6,"column":0},"end":{"line":6,"column":53}},"6":{"start":{"line":7,"column":0},"end":{"line":7,"column":0}},"7":{"start":{"line":8,"column":0},"end":{"line":8,"column":42}},"8":{"start":{"line":9,"column":0},"end":{"line":9,"column":29}},"9":{"start":{"line":10,"column":0},"end":{"line":10,"column":29}},"10":{"start":{"line":11,"column":0},"end":{"line":11,"column":0}},"11":{"start":{"line":12,"column":0},"end":{"line":12,"column":51}},"12":{"start":{"line":13,"column":0},"end":{"line":13,"column":71}},"13":{"start":{"line":14,"column":0},"end":{"line":14,"column":5}},"14":{"start":{"line":15,"column":0},"end":{"line":15,"column":0}},"15":{"start":{"line":16,"column":0},"end":{"line":16,"column":72}},"16":{"start":{"line":17,"column":0},"end":{"line":17,"column":74}},"17":{"start":{"line":18,"column":0},"end":{"line":18,"column":36}},"18":{"start":{"line":19,"column":0},"end":{"line":19,"column":55}},"19":{"start":{"line":20,"column":0},"end":{"line":20,"column":5}},"20":{"start":{"line":21,"column":0},"end":{"line":21,"column":0}},"21":{"start":{"line":22,"column":0},"end":{"line":22,"column":12}},"22":{"start":{"line":23,"column":0},"end":{"line":23,"column":10}},"23":{"start":{"line":24,"column":0},"end":{"line":24,"column":23}},"24":{"start":{"line":25,"column":0},"end":{"line":25,"column":23}},"25":{"start":{"line":26,"column":0},"end":{"line":26,"column":22}},"26":{"start":{"line":27,"column":0},"end":{"line":27,"column":6}},"27":{"start":{"line":28,"column":0},"end":{"line":28,"column":5}},"28":{"start":{"line":29,"column":0},"end":{"line":29,"column":0}},"29":{"start":{"line":30,"column":0},"end":{"line":30,"column":16}},"30":{"start":{"line":31,"column":0},"end":{"line":31,"column":2}},"31":{"start":{"line":32,"column":0},"end":{"line":32,"column":0}},"32":{"start":{"line":33,"column":0},"end":{"line":33,"column":25}}},"s":{"0":1,"1":1,"2":1,"3":30,"4":30,"5":30,"6":30,"7":30,"8":108,"9":108,"10":108,"11":108,"12":24,"13":24,"14":84,"15":108,"16":108,"17":108,"18":18,"19":18,"20":24,"21":24,"22":24,"23":24,"24":24,"25":24,"26":24,"27":30,"28":30,"29":30,"30":30,"31":1,"32":1},"branchMap":{"0":{"type":"branch","line":3,"loc":{"start":{"line":3,"column":18},"end":{"line":31,"column":2}},"locations":[{"start":{"line":3,"column":18},"end":{"line":31,"column":2}}]},"1":{"type":"branch","line":8,"loc":{"start":{"line":8,"column":33},"end":{"line":28,"column":3}},"locations":[{"start":{"line":8,"column":33},"end":{"line":28,"column":3}}]},"2":{"type":"branch","line":12,"loc":{"start":{"line":12,"column":26},"end":{"line":12,"column":48}},"locations":[{"start":{"line":12,"column":26},"end":{"line":12,"column":48}}]},"3":{"type":"branch","line":12,"loc":{"start":{"line":12,"column":50},"end":{"line":14,"column":5}},"locations":[{"start":{"line":12,"column":50},"end":{"line":14,"column":5}}]},"4":{"type":"branch","line":14,"loc":{"start":{"line":14,"column":4},"end":{"line":16,"column":27}},"locations":[{"start":{"line":14,"column":4},"end":{"line":16,"column":27}}]},"5":{"type":"branch","line":16,"loc":{"start":{"line":16,"column":27},"end":{"line":16,"column":72}},"locations":[{"start":{"line":16,"column":27},"end":{"line":16,"column":72}}]},"6":{"type":"branch","line":16,"loc":{"start":{"line":16,"column":71},"end":{"line":17,"column":27}},"locations":[{"start":{"line":16,"column":71},"end":{"line":17,"column":27}}]},"7":{"type":"branch","line":17,"loc":{"start":{"line":17,"column":27},"end":{"line":17,"column":74}},"locations":[{"start":{"line":17,"column":27},"end":{"line":17,"column":74}}]},"8":{"type":"branch","line":17,"loc":{"start":{"line":17,"column":73},"end":{"line":18,"column":35}},"locations":[{"start":{"line":17,"column":73},"end":{"line":18,"column":35}}]},"9":{"type":"branch","line":18,"loc":{"start":{"line":18,"column":35},"end":{"line":20,"column":5}},"locations":[{"start":{"line":18,"column":35},"end":{"line":20,"column":5}}]},"10":{"type":"branch","line":20,"loc":{"start":{"line":20,"column":4},"end":{"line":28,"column":3}},"locations":[{"start":{"line":20,"column":4},"end":{"line":28,"column":3}}]}},"b":{"0":[30],"1":[108],"2":[36],"3":[24],"4":[84],"5":[30],"6":[54],"7":[12],"8":[42],"9":[18],"10":[24]},"fnMap":{"0":{"name":"buildTree","decl":{"start":{"line":3,"column":18},"end":{"line":31,"column":2}},"loc":{"start":{"line":3,"column":18},"end":{"line":31,"column":2}},"line":3}},"f":{"0":30}}
,"/Users/anton/Documents/Develop/Hexlet/frontend-project-46/frontend-project-46/src/index.js": {"path":"/Users/anton/Documents/Develop/Hexlet/frontend-project-46/frontend-project-46/src/index.js","all":false,"statementMap":{"0":{"start":{"line":1,"column":0},"end":{"line":1,"column":39}},"1":{"start":{"line":2,"column":0},"end":{"line":2,"column":34}},"2":{"start":{"line":3,"column":0},"end":{"line":3,"column":33}},"3":{"start":{"line":4,"column":0},"end":{"line":4,"column":43}},"4":{"start":{"line":5,"column":0},"end":{"line":5,"column":39}},"5":{"start":{"line":6,"column":0},"end":{"line":6,"column":0}},"6":{"start":{"line":7,"column":0},"end":{"line":7,"column":12}},"7":{"start":{"line":8,"column":0},"end":{"line":8,"column":80}},"8":{"start":{"line":9,"column":0},"end":{"line":9,"column":0}},"9":{"start":{"line":10,"column":0},"end":{"line":10,"column":18}},"10":{"start":{"line":11,"column":0},"end":{"line":11,"column":82}},"11":{"start":{"line":12,"column":0},"end":{"line":12,"column":0}},"12":{"start":{"line":13,"column":0},"end":{"line":13,"column":21}},"13":{"start":{"line":14,"column":0},"end":{"line":14,"column":41}},"14":{"start":{"line":15,"column":0},"end":{"line":15,"column":45}},"15":{"start":{"line":16,"column":0},"end":{"line":16,"column":41}},"16":{"start":{"line":17,"column":0},"end":{"line":17,"column":37}},"17":{"start":{"line":18,"column":0},"end":{"line":18,"column":2}},"18":{"start":{"line":19,"column":0},"end":{"line":19,"column":0}},"19":{"start":{"line":20,"column":0},"end":{"line":20,"column":16}},"20":{"start":{"line":21,"column":0},"end":{"line":21,"column":67}},"21":{"start":{"line":22,"column":0},"end":{"line":22,"column":53}},"22":{"start":{"line":23,"column":0},"end":{"line":23,"column":54}},"23":{"start":{"line":24,"column":0},"end":{"line":24,"column":0}},"24":{"start":{"line":25,"column":0},"end":{"line":25,"column":56}},"25":{"start":{"line":26,"column":0},"end":{"line":26,"column":0}},"26":{"start":{"line":27,"column":0},"end":{"line":27,"column":34}},"27":{"start":{"line":28,"column":0},"end":{"line":28,"column":2}},"28":{"start":{"line":29,"column":0},"end":{"line":29,"column":0}},"29":{"start":{"line":30,"column":0},"end":{"line":30,"column":23}}},"s":{"0":1,"1":1,"2":1,"3":1,"4":1,"5":1,"6":1,"7":1,"8":1,"9":1,"10":1,"11":1,"12":1,"13":1,"14":12,"15":12,"16":12,"17":12,"18":1,"19":1,"20":1,"21":6,"22":6,"23":6,"24":6,"25":6,"26":6,"27":6,"28":1,"29":1},"branchMap":{"0":{"type":"branch","line":8,"loc":{"start":{"line":8,"column":21},"end":{"line":8,"column":79}},"locations":[{"start":{"line":8,"column":21},"end":{"line":8,"column":79}}]},"1":{"type":"branch","line":11,"loc":{"start":{"line":11,"column":23},"end":{"line":11,"column":81}},"locations":[{"start":{"line":11,"column":23},"end":{"line":11,"column":81}}]},"2":{"type":"branch","line":14,"loc":{"start":{"line":14,"column":27},"end":{"line":18,"column":2}},"locations":[{"start":{"line":14,"column":27},"end":{"line":18,"column":2}}]},"3":{"type":"branch","line":21,"loc":{"start":{"line":21,"column":16},"end":{"line":28,"column":2}},"locations":[{"start":{"line":21,"column":16},"end":{"line":28,"column":2}}]}},"b":{"0":[12],"1":[12],"2":[12],"3":[6]},"fnMap":{"0":{"name":"getFileData","decl":{"start":{"line":8,"column":21},"end":{"line":8,"column":79}},"loc":{"start":{"line":8,"column":21},"end":{"line":8,"column":79}},"line":8},"1":{"name":"getFileFormat","decl":{"start":{"line":11,"column":23},"end":{"line":11,"column":81}},"loc":{"start":{"line":11,"column":23},"end":{"line":11,"column":81}},"line":11},"2":{"name":"getParsedFileData","decl":{"start":{"line":14,"column":27},"end":{"line":18,"column":2}},"loc":{"start":{"line":14,"column":27},"end":{"line":18,"column":2}},"line":14},"3":{"name":"genDiff","decl":{"start":{"line":21,"column":16},"end":{"line":28,"column":2}},"loc":{"start":{"line":21,"column":16},"end":{"line":28,"column":2}},"line":21}},"f":{"0":12,"1":12,"2":12,"3":6}}
,"/Users/anton/Documents/Develop/Hexlet/frontend-project-46/frontend-project-46/src/parsers.js": {"path":"/Users/anton/Documents/Develop/Hexlet/frontend-project-46/frontend-project-46/src/parsers.js","all":false,"statementMap":{"0":{"start":{"line":1,"column":0},"end":{"line":1,"column":27}},"1":{"start":{"line":2,"column":0},"end":{"line":2,"column":0}},"2":{"start":{"line":3,"column":0},"end":{"line":3,"column":17}},"3":{"start":{"line":4,"column":0},"end":{"line":4,"column":19}},"4":{"start":{"line":5,"column":0},"end":{"line":5,"column":17}},"5":{"start":{"line":6,"column":0},"end":{"line":6,"column":18}},"6":{"start":{"line":7,"column":0},"end":{"line":7,"column":2}},"7":{"start":{"line":8,"column":0},"end":{"line":8,"column":0}},"8":{"start":{"line":9,"column":0},"end":{"line":9,"column":36}},"9":{"start":{"line":10,"column":0},"end":{"line":10,"column":33}},"10":{"start":{"line":11,"column":0},"end":{"line":11,"column":16}},"11":{"start":{"line":12,"column":0},"end":{"line":12,"column":53}},"12":{"start":{"line":13,"column":0},"end":{"line":13,"column":3}},"13":{"start":{"line":14,"column":0},"end":{"line":14,"column":25}},"14":{"start":{"line":15,"column":0},"end":{"line":15,"column":2}},"15":{"start":{"line":16,"column":0},"end":{"line":16,"column":0}},"16":{"start":{"line":17,"column":0},"end":{"line":17,"column":21}}},"s":{"0":1,"1":1,"2":1,"3":1,"4":1,"5":1,"6":1,"7":1,"8":1,"9":12,"10":12,"11":0,"12":0,"13":12,"14":12,"15":1,"16":1},"branchMap":{"0":{"type":"branch","line":9,"loc":{"start":{"line":9,"column":14},"end":{"line":15,"column":2}},"locations":[{"start":{"line":9,"column":14},"end":{"line":15,"column":2}}]},"1":{"type":"branch","line":11,"loc":{"start":{"line":11,"column":15},"end":{"line":13,"column":3}},"locations":[{"start":{"line":11,"column":15},"end":{"line":13,"column":3}}]}},"b":{"0":[12],"1":[0]},"fnMap":{"0":{"name":"parse","decl":{"start":{"line":9,"column":14},"end":{"line":15,"column":2}},"loc":{"start":{"line":9,"column":14},"end":{"line":15,"column":2}},"line":9}},"f":{"0":12}}
,"/Users/anton/Documents/Develop/Hexlet/frontend-project-46/frontend-project-46/src/formatters/index.js": {"path":"/Users/anton/Documents/Develop/Hexlet/frontend-project-46/frontend-project-46/src/formatters/index.js","all":false,"statementMap":{"0":{"start":{"line":1,"column":0},"end":{"line":1,"column":53}},"1":{"start":{"line":2,"column":0},"end":{"line":2,"column":49}},"2":{"start":{"line":3,"column":0},"end":{"line":3,"column":47}},"3":{"start":{"line":4,"column":0},"end":{"line":4,"column":0}},"4":{"start":{"line":5,"column":0},"end":{"line":5,"column":38}},"5":{"start":{"line":6,"column":0},"end":{"line":6,"column":23}},"6":{"start":{"line":7,"column":0},"end":{"line":7,"column":19}},"7":{"start":{"line":8,"column":0},"end":{"line":8,"column":36}},"8":{"start":{"line":9,"column":0},"end":{"line":9,"column":17}},"9":{"start":{"line":10,"column":0},"end":{"line":10,"column":34}},"10":{"start":{"line":11,"column":0},"end":{"line":11,"column":16}},"11":{"start":{"line":12,"column":0},"end":{"line":12,"column":33}},"12":{"start":{"line":13,"column":0},"end":{"line":13,"column":12}},"13":{"start":{"line":14,"column":0},"end":{"line":14,"column":58}},"14":{"start":{"line":15,"column":0},"end":{"line":15,"column":3}},"15":{"start":{"line":16,"column":0},"end":{"line":16,"column":2}},"16":{"start":{"line":17,"column":0},"end":{"line":17,"column":0}},"17":{"start":{"line":18,"column":0},"end":{"line":18,"column":22}}},"s":{"0":1,"1":1,"2":1,"3":1,"4":1,"5":6,"6":6,"7":2,"8":6,"9":2,"10":6,"11":2,"12":6,"13":0,"14":6,"15":6,"16":1,"17":1},"branchMap":{"0":{"type":"branch","line":5,"loc":{"start":{"line":5,"column":15},"end":{"line":16,"column":2}},"locations":[{"start":{"line":5,"column":15},"end":{"line":16,"column":2}}]},"1":{"type":"branch","line":7,"loc":{"start":{"line":7,"column":4},"end":{"line":8,"column":36}},"locations":[{"start":{"line":7,"column":4},"end":{"line":8,"column":36}}]},"2":{"type":"branch","line":9,"loc":{"start":{"line":9,"column":4},"end":{"line":10,"column":34}},"locations":[{"start":{"line":9,"column":4},"end":{"line":10,"column":34}}]},"3":{"type":"branch","line":11,"loc":{"start":{"line":11,"column":4},"end":{"line":12,"column":33}},"locations":[{"start":{"line":11,"column":4},"end":{"line":12,"column":33}}]},"4":{"type":"branch","line":13,"loc":{"start":{"line":13,"column":4},"end":{"line":14,"column":58}},"locations":[{"start":{"line":13,"column":4},"end":{"line":14,"column":58}}]}},"b":{"0":[6],"1":[2],"2":[2],"3":[2],"4":[0]},"fnMap":{"0":{"name":"format","decl":{"start":{"line":5,"column":15},"end":{"line":16,"column":2}},"loc":{"start":{"line":5,"column":15},"end":{"line":16,"column":2}},"line":5}},"f":{"0":6}}
,"/Users/anton/Documents/Develop/Hexlet/frontend-project-46/frontend-project-46/src/formatters/jsonFormatter.js": {"path":"/Users/anton/Documents/Develop/Hexlet/frontend-project-46/frontend-project-46/src/formatters/jsonFormatter.js","all":false,"statementMap":{"0":{"start":{"line":1,"column":0},"end":{"line":1,"column":23}},"1":{"start":{"line":2,"column":0},"end":{"line":2,"column":0}},"2":{"start":{"line":3,"column":0},"end":{"line":3,"column":32}},"3":{"start":{"line":4,"column":0},"end":{"line":4,"column":31}},"4":{"start":{"line":5,"column":0},"end":{"line":5,"column":43}},"5":{"start":{"line":6,"column":0},"end":{"line":6,"column":3}},"6":{"start":{"line":7,"column":0},"end":{"line":7,"column":15}},"7":{"start":{"line":8,"column":0},"end":{"line":8,"column":2}},"8":{"start":{"line":9,"column":0},"end":{"line":9,"column":0}},"9":{"start":{"line":10,"column":0},"end":{"line":10,"column":33}},"10":{"start":{"line":11,"column":0},"end":{"line":11,"column":62}},"11":{"start":{"line":12,"column":0},"end":{"line":12,"column":24}},"12":{"start":{"line":13,"column":0},"end":{"line":13,"column":20}},"13":{"start":{"line":14,"column":0},"end":{"line":14,"column":63}},"14":{"start":{"line":15,"column":0},"end":{"line":15,"column":19}},"15":{"start":{"line":16,"column":0},"end":{"line":16,"column":89}},"16":{"start":{"line":17,"column":0},"end":{"line":17,"column":21}},"17":{"start":{"line":18,"column":0},"end":{"line":18,"column":91}},"18":{"start":{"line":19,"column":0},"end":{"line":19,"column":23}},"19":{"start":{"line":20,"column":0},"end":{"line":20,"column":93}},"20":{"start":{"line":21,"column":0},"end":{"line":21,"column":21}},"21":{"start":{"line":22,"column":0},"end":{"line":22,"column":16}},"22":{"start":{"line":23,"column":0},"end":{"line":23,"column":17}},"23":{"start":{"line":24,"column":0},"end":{"line":24,"column":23}},"24":{"start":{"line":25,"column":0},"end":{"line":25,"column":28}},"25":{"start":{"line":26,"column":0},"end":{"line":26,"column":49}},"26":{"start":{"line":27,"column":0},"end":{"line":27,"column":49}},"27":{"start":{"line":28,"column":0},"end":{"line":28,"column":12}},"28":{"start":{"line":29,"column":0},"end":{"line":29,"column":10}},"29":{"start":{"line":30,"column":0},"end":{"line":30,"column":14}},"30":{"start":{"line":31,"column":0},"end":{"line":31,"column":59}},"31":{"start":{"line":32,"column":0},"end":{"line":32,"column":5}},"32":{"start":{"line":33,"column":0},"end":{"line":33,"column":9}},"33":{"start":{"line":34,"column":0},"end":{"line":34,"column":0}},"34":{"start":{"line":35,"column":0},"end":{"line":35,"column":52}},"35":{"start":{"line":36,"column":0},"end":{"line":36,"column":2}},"36":{"start":{"line":37,"column":0},"end":{"line":37,"column":0}},"37":{"start":{"line":38,"column":0},"end":{"line":38,"column":29}}},"s":{"0":1,"1":1,"2":1,"3":54,"4":14,"5":14,"6":40,"7":40,"8":1,"9":1,"10":2,"11":36,"12":36,"13":8,"14":36,"15":10,"16":36,"17":4,"18":36,"19":6,"20":36,"21":8,"22":8,"23":8,"24":8,"25":8,"26":8,"27":8,"28":8,"29":36,"30":0,"31":36,"32":2,"33":2,"34":2,"35":2,"36":1,"37":1},"branchMap":{"0":{"type":"branch","line":3,"loc":{"start":{"line":3,"column":21},"end":{"line":8,"column":2}},"locations":[{"start":{"line":3,"column":21},"end":{"line":8,"column":2}}]},"1":{"type":"branch","line":4,"loc":{"start":{"line":4,"column":30},"end":{"line":6,"column":3}},"locations":[{"start":{"line":4,"column":30},"end":{"line":6,"column":3}}]},"2":{"type":"branch","line":6,"loc":{"start":{"line":6,"column":2},"end":{"line":8,"column":2}},"locations":[{"start":{"line":6,"column":2},"end":{"line":8,"column":2}}]},"3":{"type":"branch","line":10,"loc":{"start":{"line":10,"column":23},"end":{"line":36,"column":2}},"locations":[{"start":{"line":10,"column":23},"end":{"line":36,"column":2}}]},"4":{"type":"branch","line":11,"loc":{"start":{"line":11,"column":23},"end":{"line":33,"column":8}},"locations":[{"start":{"line":11,"column":23},"end":{"line":33,"column":8}}]},"5":{"type":"branch","line":11,"loc":{"start":{"line":11,"column":46},"end":{"line":33,"column":3}},"locations":[{"start":{"line":11,"column":46},"end":{"line":33,"column":3}}]},"6":{"type":"branch","line":13,"loc":{"start":{"line":13,"column":6},"end":{"line":14,"column":63}},"locations":[{"start":{"line":13,"column":6},"end":{"line":14,"column":63}}]},"7":{"type":"branch","line":15,"loc":{"start":{"line":15,"column":6},"end":{"line":16,"column":89}},"locations":[{"start":{"line":15,"column":6},"end":{"line":16,"column":89}}]},"8":{"type":"branch","line":17,"loc":{"start":{"line":17,"column":6},"end":{"line":18,"column":91}},"locations":[{"start":{"line":17,"column":6},"end":{"line":18,"column":91}}]},"9":{"type":"branch","line":19,"loc":{"start":{"line":19,"column":6},"end":{"line":20,"column":93}},"locations":[{"start":{"line":19,"column":6},"end":{"line":20,"column":93}}]},"10":{"type":"branch","line":21,"loc":{"start":{"line":21,"column":6},"end":{"line":29,"column":10}},"locations":[{"start":{"line":21,"column":6},"end":{"line":29,"column":10}}]},"11":{"type":"branch","line":30,"loc":{"start":{"line":30,"column":6},"end":{"line":31,"column":59}},"locations":[{"start":{"line":30,"column":6},"end":{"line":31,"column":59}}]}},"b":{"0":[54],"1":[14],"2":[40],"3":[2],"4":[10],"5":[36],"6":[8],"7":[10],"8":[4],"9":[6],"10":[8],"11":[0]},"fnMap":{"0":{"name":"formatValue","decl":{"start":{"line":3,"column":21},"end":{"line":8,"column":2}},"loc":{"start":{"line":3,"column":21},"end":{"line":8,"column":2}},"line":3},"1":{"name":"jsonFormatter","decl":{"start":{"line":10,"column":23},"end":{"line":36,"column":2}},"loc":{"start":{"line":10,"column":23},"end":{"line":36,"column":2}},"line":10},"2":{"name":"formatItems","decl":{"start":{"line":11,"column":23},"end":{"line":33,"column":8}},"loc":{"start":{"line":11,"column":23},"end":{"line":33,"column":8}},"line":11}},"f":{"0":54,"1":2,"2":10}}
,"/Users/anton/Documents/Develop/Hexlet/frontend-project-46/frontend-project-46/src/formatters/plainFormatter.js": {"path":"/Users/anton/Documents/Develop/Hexlet/frontend-project-46/frontend-project-46/src/formatters/plainFormatter.js","all":false,"statementMap":{"0":{"start":{"line":1,"column":0},"end":{"line":1,"column":23}},"1":{"start":{"line":2,"column":0},"end":{"line":2,"column":0}},"2":{"start":{"line":3,"column":0},"end":{"line":3,"column":32}},"3":{"start":{"line":4,"column":0},"end":{"line":4,"column":26}},"4":{"start":{"line":5,"column":0},"end":{"line":5,"column":29}},"5":{"start":{"line":6,"column":0},"end":{"line":6,"column":3}},"6":{"start":{"line":7,"column":0},"end":{"line":7,"column":66}},"7":{"start":{"line":8,"column":0},"end":{"line":8,"column":2}},"8":{"start":{"line":9,"column":0},"end":{"line":9,"column":0}},"9":{"start":{"line":10,"column":0},"end":{"line":10,"column":51}},"10":{"start":{"line":11,"column":0},"end":{"line":11,"column":50}},"11":{"start":{"line":12,"column":0},"end":{"line":12,"column":77}},"12":{"start":{"line":13,"column":0},"end":{"line":13,"column":0}},"13":{"start":{"line":14,"column":0},"end":{"line":14,"column":24}},"14":{"start":{"line":15,"column":0},"end":{"line":15,"column":19}},"15":{"start":{"line":16,"column":0},"end":{"line":16,"column":93}},"16":{"start":{"line":17,"column":0},"end":{"line":17,"column":21}},"17":{"start":{"line":18,"column":0},"end":{"line":18,"column":56}},"18":{"start":{"line":19,"column":0},"end":{"line":19,"column":21}},"19":{"start":{"line":20,"column":0},"end":{"line":20,"column":125}},"20":{"start":{"line":21,"column":0},"end":{"line":21,"column":20}},"21":{"start":{"line":22,"column":0},"end":{"line":22,"column":56}},"22":{"start":{"line":23,"column":0},"end":{"line":23,"column":23}},"23":{"start":{"line":24,"column":0},"end":{"line":24,"column":18}},"24":{"start":{"line":25,"column":0},"end":{"line":25,"column":14}},"25":{"start":{"line":26,"column":0},"end":{"line":26,"column":61}},"26":{"start":{"line":27,"column":0},"end":{"line":27,"column":5}},"27":{"start":{"line":28,"column":0},"end":{"line":28,"column":5}},"28":{"start":{"line":29,"column":0},"end":{"line":29,"column":36}},"29":{"start":{"line":30,"column":0},"end":{"line":30,"column":2}},"30":{"start":{"line":31,"column":0},"end":{"line":31,"column":0}},"31":{"start":{"line":32,"column":0},"end":{"line":32,"column":30}}},"s":{"0":1,"1":1,"2":1,"3":26,"4":6,"5":6,"6":26,"7":26,"8":1,"9":1,"10":10,"11":36,"12":36,"13":36,"14":36,"15":10,"16":36,"17":4,"18":36,"19":8,"20":36,"21":8,"22":36,"23":6,"24":36,"25":0,"26":36,"27":10,"28":10,"29":10,"30":1,"31":1},"branchMap":{"0":{"type":"branch","line":3,"loc":{"start":{"line":3,"column":21},"end":{"line":8,"column":2}},"locations":[{"start":{"line":3,"column":21},"end":{"line":8,"column":2}}]},"1":{"type":"branch","line":4,"loc":{"start":{"line":4,"column":25},"end":{"line":6,"column":3}},"locations":[{"start":{"line":4,"column":25},"end":{"line":6,"column":3}}]},"2":{"type":"branch","line":6,"loc":{"start":{"line":6,"column":2},"end":{"line":7,"column":37}},"locations":[{"start":{"line":6,"column":2},"end":{"line":7,"column":37}}]},"3":{"type":"branch","line":7,"loc":{"start":{"line":7,"column":34},"end":{"line":7,"column":49}},"locations":[{"start":{"line":7,"column":34},"end":{"line":7,"column":49}}]},"4":{"type":"branch","line":7,"loc":{"start":{"line":7,"column":49},"end":{"line":7,"column":65}},"locations":[{"start":{"line":7,"column":49},"end":{"line":7,"column":65}}]},"5":{"type":"branch","line":10,"loc":{"start":{"line":10,"column":23},"end":{"line":30,"column":2}},"locations":[{"start":{"line":10,"column":23},"end":{"line":30,"column":2}}]},"6":{"type":"branch","line":11,"loc":{"start":{"line":11,"column":40},"end":{"line":28,"column":3}},"locations":[{"start":{"line":11,"column":40},"end":{"line":28,"column":3}}]},"7":{"type":"branch","line":12,"loc":{"start":{"line":12,"column":35},"end":{"line":12,"column":65}},"locations":[{"start":{"line":12,"column":35},"end":{"line":12,"column":65}}]},"8":{"type":"branch","line":12,"loc":{"start":{"line":12,"column":65},"end":{"line":12,"column":76}},"locations":[{"start":{"line":12,"column":65},"end":{"line":12,"column":76}}]},"9":{"type":"branch","line":15,"loc":{"start":{"line":15,"column":6},"end":{"line":16,"column":93}},"locations":[{"start":{"line":15,"column":6},"end":{"line":16,"column":93}}]},"10":{"type":"branch","line":17,"loc":{"start":{"line":17,"column":6},"end":{"line":18,"column":56}},"locations":[{"start":{"line":17,"column":6},"end":{"line":18,"column":56}}]},"11":{"type":"branch","line":19,"loc":{"start":{"line":19,"column":6},"end":{"line":20,"column":125}},"locations":[{"start":{"line":19,"column":6},"end":{"line":20,"column":125}}]},"12":{"type":"branch","line":21,"loc":{"start":{"line":21,"column":6},"end":{"line":22,"column":56}},"locations":[{"start":{"line":21,"column":6},"end":{"line":22,"column":56}}]},"13":{"type":"branch","line":23,"loc":{"start":{"line":23,"column":6},"end":{"line":24,"column":18}},"locations":[{"start":{"line":23,"column":6},"end":{"line":24,"column":18}}]},"14":{"type":"branch","line":25,"loc":{"start":{"line":25,"column":6},"end":{"line":26,"column":61}},"locations":[{"start":{"line":25,"column":6},"end":{"line":26,"column":61}}]}},"b":{"0":[26],"1":[6],"2":[20],"3":[14],"4":[6],"5":[10],"6":[36],"7":[28],"8":[8],"9":[10],"10":[4],"11":[8],"12":[8],"13":[6],"14":[0]},"fnMap":{"0":{"name":"formatValue","decl":{"start":{"line":3,"column":21},"end":{"line":8,"column":2}},"loc":{"start":{"line":3,"column":21},"end":{"line":8,"column":2}},"line":3},"1":{"name":"plainFormatter","decl":{"start":{"line":10,"column":23},"end":{"line":30,"column":2}},"loc":{"start":{"line":10,"column":23},"end":{"line":30,"column":2}},"line":10}},"f":{"0":26,"1":10}}
,"/Users/anton/Documents/Develop/Hexlet/frontend-project-46/frontend-project-46/src/formatters/stylishFormatter.js": {"path":"/Users/anton/Documents/Develop/Hexlet/frontend-project-46/frontend-project-46/src/formatters/stylishFormatter.js","all":false,"statementMap":{"0":{"start":{"line":1,"column":0},"end":{"line":1,"column":23}},"1":{"start":{"line":2,"column":0},"end":{"line":2,"column":0}},"2":{"start":{"line":3,"column":0},"end":{"line":3,"column":47}},"3":{"start":{"line":4,"column":0},"end":{"line":4,"column":42}},"4":{"start":{"line":5,"column":0},"end":{"line":5,"column":0}},"5":{"start":{"line":6,"column":0},"end":{"line":6,"column":48}},"6":{"start":{"line":7,"column":0},"end":{"line":7,"column":33}},"7":{"start":{"line":8,"column":0},"end":{"line":8,"column":54}},"8":{"start":{"line":9,"column":0},"end":{"line":9,"column":43}},"9":{"start":{"line":10,"column":0},"end":{"line":10,"column":91}},"10":{"start":{"line":11,"column":0},"end":{"line":11,"column":20}},"11":{"start":{"line":12,"column":0},"end":{"line":12,"column":66}},"12":{"start":{"line":13,"column":0},"end":{"line":13,"column":5}},"13":{"start":{"line":14,"column":0},"end":{"line":14,"column":17}},"14":{"start":{"line":15,"column":0},"end":{"line":15,"column":4}},"15":{"start":{"line":16,"column":0},"end":{"line":16,"column":0}},"16":{"start":{"line":17,"column":0},"end":{"line":17,"column":30}},"17":{"start":{"line":18,"column":0},"end":{"line":18,"column":20}},"18":{"start":{"line":19,"column":0},"end":{"line":19,"column":42}},"19":{"start":{"line":20,"column":0},"end":{"line":20,"column":43}},"20":{"start":{"line":21,"column":0},"end":{"line":21,"column":0}},"21":{"start":{"line":22,"column":0},"end":{"line":22,"column":26}},"22":{"start":{"line":23,"column":0},"end":{"line":23,"column":21}},"23":{"start":{"line":24,"column":0},"end":{"line":24,"column":88}},"24":{"start":{"line":25,"column":0},"end":{"line":25,"column":23}},"25":{"start":{"line":26,"column":0},"end":{"line":26,"column":88}},"26":{"start":{"line":27,"column":0},"end":{"line":27,"column":25}},"27":{"start":{"line":28,"column":0},"end":{"line":28,"column":85}},"28":{"start":{"line":29,"column":0},"end":{"line":29,"column":23}},"29":{"start":{"line":30,"column":0},"end":{"line":30,"column":164}},"30":{"start":{"line":31,"column":0},"end":{"line":31,"column":22}},"31":{"start":{"line":32,"column":0},"end":{"line":32,"column":90}},"32":{"start":{"line":33,"column":0},"end":{"line":33,"column":16}},"33":{"start":{"line":34,"column":0},"end":{"line":34,"column":63}},"34":{"start":{"line":35,"column":0},"end":{"line":35,"column":7}},"35":{"start":{"line":36,"column":0},"end":{"line":36,"column":6}},"36":{"start":{"line":37,"column":0},"end":{"line":37,"column":16}},"37":{"start":{"line":38,"column":0},"end":{"line":38,"column":0}},"38":{"start":{"line":39,"column":0},"end":{"line":39,"column":45}},"39":{"start":{"line":40,"column":0},"end":{"line":40,"column":2}},"40":{"start":{"line":41,"column":0},"end":{"line":41,"column":0}},"41":{"start":{"line":42,"column":0},"end":{"line":42,"column":32}}},"s":{"0":1,"1":1,"2":1,"3":10,"4":10,"5":10,"6":54,"7":14,"8":14,"9":14,"10":14,"11":14,"12":14,"13":40,"14":10,"15":10,"16":10,"17":10,"18":36,"19":36,"20":36,"21":36,"22":36,"23":10,"24":36,"25":4,"26":36,"27":6,"28":36,"29":8,"30":36,"31":8,"32":36,"33":0,"34":36,"35":10,"36":10,"37":10,"38":10,"39":10,"40":1,"41":1},"branchMap":{"0":{"type":"branch","line":3,"loc":{"start":{"line":3,"column":25},"end":{"line":40,"column":2}},"locations":[{"start":{"line":3,"column":25},"end":{"line":40,"column":2}}]},"1":{"type":"branch","line":6,"loc":{"start":{"line":6,"column":22},"end":{"line":15,"column":3}},"locations":[{"start":{"line":6,"column":22},"end":{"line":15,"column":3}}]},"2":{"type":"branch","line":7,"loc":{"start":{"line":7,"column":32},"end":{"line":13,"column":5}},"locations":[{"start":{"line":7,"column":32},"end":{"line":13,"column":5}}]},"3":{"type":"branch","line":13,"loc":{"start":{"line":13,"column":4},"end":{"line":15,"column":3}},"locations":[{"start":{"line":13,"column":4},"end":{"line":15,"column":3}}]},"4":{"type":"branch","line":10,"loc":{"start":{"line":10,"column":13},"end":{"line":10,"column":90}},"locations":[{"start":{"line":10,"column":13},"end":{"line":10,"column":90}}]},"5":{"type":"branch","line":18,"loc":{"start":{"line":18,"column":10},"end":{"line":36,"column":5}},"locations":[{"start":{"line":18,"column":10},"end":{"line":36,"column":5}}]},"6":{"type":"branch","line":23,"loc":{"start":{"line":23,"column":8},"end":{"line":24,"column":88}},"locations":[{"start":{"line":23,"column":8},"end":{"line":24,"column":88}}]},"7":{"type":"branch","line":25,"loc":{"start":{"line":25,"column":8},"end":{"line":26,"column":88}},"locations":[{"start":{"line":25,"column":8},"end":{"line":26,"column":88}}]},"8":{"type":"branch","line":27,"loc":{"start":{"line":27,"column":8},"end":{"line":28,"column":85}},"locations":[{"start":{"line":27,"column":8},"end":{"line":28,"column":85}}]},"9":{"type":"branch","line":29,"loc":{"start":{"line":29,"column":8},"end":{"line":30,"column":164}},"locations":[{"start":{"line":29,"column":8},"end":{"line":30,"column":164}}]},"10":{"type":"branch","line":31,"loc":{"start":{"line":31,"column":8},"end":{"line":32,"column":90}},"locations":[{"start":{"line":31,"column":8},"end":{"line":32,"column":90}}]},"11":{"type":"branch","line":33,"loc":{"start":{"line":33,"column":8},"end":{"line":34,"column":63}},"locations":[{"start":{"line":33,"column":8},"end":{"line":34,"column":63}}]}},"b":{"0":[10],"1":[54],"2":[14],"3":[40],"4":[18],"5":[36],"6":[10],"7":[4],"8":[6],"9":[8],"10":[8],"11":[0]},"fnMap":{"0":{"name":"stylishFormatter","decl":{"start":{"line":3,"column":25},"end":{"line":40,"column":2}},"loc":{"start":{"line":3,"column":25},"end":{"line":40,"column":2}},"line":3},"1":{"name":"formatValue","decl":{"start":{"line":6,"column":22},"end":{"line":15,"column":3}},"loc":{"start":{"line":6,"column":22},"end":{"line":15,"column":3}},"line":6}},"f":{"0":10,"1":54}}
}
