TN:
SF:__fixtures__/jsonFormat.js
FNF:0
FNH:0
DA:1,1
DA:2,1
DA:3,1
DA:4,1
DA:5,1
DA:6,1
DA:7,1
DA:8,1
DA:9,1
DA:10,1
DA:11,1
DA:12,1
DA:13,1
DA:14,1
DA:15,1
DA:16,1
DA:17,1
DA:18,1
DA:19,1
DA:20,1
DA:21,1
DA:22,1
DA:23,1
DA:24,1
DA:25,1
DA:26,1
DA:27,1
DA:28,1
DA:29,1
DA:30,1
DA:31,1
DA:32,1
DA:33,1
DA:34,1
DA:35,1
DA:36,1
DA:37,1
DA:38,1
DA:39,1
DA:40,1
DA:41,1
DA:42,1
DA:43,1
DA:44,1
DA:45,1
DA:46,1
DA:47,1
DA:48,1
DA:49,1
DA:50,1
DA:51,1
DA:52,1
DA:53,1
DA:54,1
DA:55,1
DA:56,1
DA:57,1
DA:58,1
DA:59,1
DA:60,1
DA:61,1
DA:62,1
DA:63,1
DA:64,1
DA:65,1
DA:66,1
DA:67,1
DA:68,1
DA:69,1
DA:70,1
DA:71,1
DA:72,1
DA:73,1
DA:74,1
DA:75,1
DA:76,1
DA:77,1
DA:78,1
DA:79,1
DA:80,1
DA:81,1
DA:82,1
DA:83,1
DA:84,1
DA:85,1
DA:86,1
LF:86
LH:86
BRF:0
BRH:0
end_of_record
TN:
SF:__fixtures__/plainFormat.js
FNF:0
FNH:0
DA:1,1
DA:2,1
DA:3,1
DA:4,1
DA:5,1
DA:6,1
DA:7,1
DA:8,1
DA:9,1
DA:10,1
DA:11,1
LF:11
LH:11
BRF:0
BRH:0
end_of_record
TN:
SF:__fixtures__/stylishFormat.js
FNF:0
FNH:0
DA:1,1
DA:2,1
DA:3,1
DA:4,1
DA:5,1
DA:6,1
DA:7,1
DA:8,1
DA:9,1
DA:10,1
DA:11,1
DA:12,1
DA:13,1
DA:14,1
DA:15,1
DA:16,1
DA:17,1
DA:18,1
DA:19,1
DA:20,1
DA:21,1
DA:22,1
DA:23,1
DA:24,1
DA:25,1
DA:26,1
DA:27,1
DA:28,1
DA:29,1
DA:30,1
DA:31,1
DA:32,1
DA:33,1
DA:34,1
DA:35,1
DA:36,1
DA:37,1
DA:38,1
DA:39,1
DA:40,1
DA:41,1
DA:42,1
DA:43,1
DA:44,1
LF:44
LH:44
BRF:0
BRH:0
end_of_record
TN:
SF:src/buildTree.js
FN:3,buildTree
FNF:1
FNH:1
FNDA:30,buildTree
DA:1,1
DA:2,1
DA:3,1
DA:4,30
DA:5,30
DA:6,30
DA:7,30
DA:8,30
DA:9,108
DA:10,108
DA:11,108
DA:12,108
DA:13,24
DA:14,24
DA:15,84
DA:16,108
DA:17,108
DA:18,108
DA:19,18
DA:20,18
DA:21,24
DA:22,24
DA:23,24
DA:24,24
DA:25,24
DA:26,24
DA:27,24
DA:28,30
DA:29,30
DA:30,30
DA:31,30
DA:32,1
DA:33,1
LF:33
LH:33
BRDA:3,0,0,30
BRDA:8,1,0,108
BRDA:12,2,0,36
BRDA:12,3,0,24
BRDA:14,4,0,84
BRDA:16,5,0,30
BRDA:16,6,0,54
BRDA:17,7,0,12
BRDA:17,8,0,42
BRDA:18,9,0,18
BRDA:20,10,0,24
BRF:11
BRH:11
end_of_record
TN:
SF:src/index.js
FN:8,getFileData
FN:11,getFileFormat
FN:14,getParsedFileData
FN:21,genDiff
FNF:4
FNH:4
FNDA:12,getFileData
FNDA:12,getFileFormat
FNDA:12,getParsedFileData
FNDA:6,genDiff
DA:1,1
DA:2,1
DA:3,1
DA:4,1
DA:5,1
DA:6,1
DA:7,1
DA:8,1
DA:9,1
DA:10,1
DA:11,1
DA:12,1
DA:13,1
DA:14,1
DA:15,12
DA:16,12
DA:17,12
DA:18,12
DA:19,1
DA:20,1
DA:21,1
DA:22,6
DA:23,6
DA:24,6
DA:25,6
DA:26,6
DA:27,6
DA:28,6
DA:29,1
DA:30,1
LF:30
LH:30
BRDA:8,0,0,12
BRDA:11,1,0,12
BRDA:14,2,0,12
BRDA:21,3,0,6
BRF:4
BRH:4
end_of_record
TN:
SF:src/parsers.js
FN:9,parse
FNF:1
FNH:1
FNDA:12,parse
DA:1,1
DA:2,1
DA:3,1
DA:4,1
DA:5,1
DA:6,1
DA:7,1
DA:8,1
DA:9,1
DA:10,12
DA:11,12
DA:12,0
DA:13,0
DA:14,12
DA:15,12
DA:16,1
DA:17,1
LF:17
LH:15
BRDA:9,0,0,12
BRDA:11,1,0,0
BRF:2
BRH:1
end_of_record
TN:
SF:src/formatters/index.js
FN:5,format
FNF:1
FNH:1
FNDA:6,format
DA:1,1
DA:2,1
DA:3,1
DA:4,1
DA:5,1
DA:6,6
DA:7,6
DA:8,2
DA:9,6
DA:10,2
DA:11,6
DA:12,2
DA:13,6
DA:14,0
DA:15,6
DA:16,6
DA:17,1
DA:18,1
LF:18
LH:17
BRDA:5,0,0,6
BRDA:7,1,0,2
BRDA:9,2,0,2
BRDA:11,3,0,2
BRDA:13,4,0,0
BRF:5
BRH:4
end_of_record
TN:
SF:src/formatters/jsonFormatter.js
FN:3,formatValue
FN:10,jsonFormatter
FN:11,formatItems
FNF:3
FNH:3
FNDA:54,formatValue
FNDA:2,jsonFormatter
FNDA:10,formatItems
DA:1,1
DA:2,1
DA:3,1
DA:4,54
DA:5,14
DA:6,14
DA:7,40
DA:8,40
DA:9,1
DA:10,1
DA:11,2
DA:12,36
DA:13,36
DA:14,8
DA:15,36
DA:16,10
DA:17,36
DA:18,4
DA:19,36
DA:20,6
DA:21,36
DA:22,8
DA:23,8
DA:24,8
DA:25,8
DA:26,8
DA:27,8
DA:28,8
DA:29,8
DA:30,36
DA:31,0
DA:32,36
DA:33,2
DA:34,2
DA:35,2
DA:36,2
DA:37,1
DA:38,1
LF:38
LH:37
BRDA:3,0,0,54
BRDA:4,1,0,14
BRDA:6,2,0,40
BRDA:10,3,0,2
BRDA:11,4,0,10
BRDA:11,5,0,36
BRDA:13,6,0,8
BRDA:15,7,0,10
BRDA:17,8,0,4
BRDA:19,9,0,6
BRDA:21,10,0,8
BRDA:30,11,0,0
BRF:12
BRH:11
end_of_record
TN:
SF:src/formatters/plainFormatter.js
FN:3,formatValue
FN:10,plainFormatter
FNF:2
FNH:2
FNDA:26,formatValue
FNDA:10,plainFormatter
DA:1,1
DA:2,1
DA:3,1
DA:4,26
DA:5,6
DA:6,6
DA:7,26
DA:8,26
DA:9,1
DA:10,1
DA:11,10
DA:12,36
DA:13,36
DA:14,36
DA:15,36
DA:16,10
DA:17,36
DA:18,4
DA:19,36
DA:20,8
DA:21,36
DA:22,8
DA:23,36
DA:24,6
DA:25,36
DA:26,0
DA:27,36
DA:28,10
DA:29,10
DA:30,10
DA:31,1
DA:32,1
LF:32
LH:31
BRDA:3,0,0,26
BRDA:4,1,0,6
BRDA:6,2,0,20
BRDA:7,3,0,14
BRDA:7,4,0,6
BRDA:10,5,0,10
BRDA:11,6,0,36
BRDA:12,7,0,28
BRDA:12,8,0,8
BRDA:15,9,0,10
BRDA:17,10,0,4
BRDA:19,11,0,8
BRDA:21,12,0,8
BRDA:23,13,0,6
BRDA:25,14,0,0
BRF:15
BRH:14
end_of_record
TN:
SF:src/formatters/stylishFormatter.js
FN:3,stylishFormatter
FN:6,formatValue
FNF:2
FNH:2
FNDA:10,stylishFormatter
FNDA:54,formatValue
DA:1,1
DA:2,1
DA:3,1
DA:4,10
DA:5,10
DA:6,10
DA:7,54
DA:8,14
DA:9,14
DA:10,14
DA:11,14
DA:12,14
DA:13,14
DA:14,40
DA:15,10
DA:16,10
DA:17,10
DA:18,10
DA:19,36
DA:20,36
DA:21,36
DA:22,36
DA:23,36
DA:24,10
DA:25,36
DA:26,4
DA:27,36
DA:28,6
DA:29,36
DA:30,8
DA:31,36
DA:32,8
DA:33,36
DA:34,0
DA:35,36
DA:36,10
DA:37,10
DA:38,10
DA:39,10
DA:40,10
DA:41,1
DA:42,1
LF:42
LH:41
BRDA:3,0,0,10
BRDA:6,1,0,54
BRDA:7,2,0,14
BRDA:13,3,0,40
BRDA:10,4,0,18
BRDA:18,5,0,36
BRDA:23,6,0,10
BRDA:25,7,0,4
BRDA:27,8,0,6
BRDA:29,9,0,8
BRDA:31,10,0,8
BRDA:33,11,0,0
BRF:12
BRH:11
end_of_record
